<?xml version="1.0" encoding="UTF-8"?>
<testsuite xmlns:xsi="http://www.w3.org/2001/XMLSchema-instance" xsi:noNamespaceSchemaLocation="https://maven.apache.org/surefire/maven-surefire-plugin/xsd/surefire-test-report.xsd" name="com.sakura.mediascore.MediascoreApplicationTests" time="17.798" tests="1" errors="0" skipped="0" failures="0">
  <properties>
    <property name="gopherProxySet" value="false"/>
    <property name="awt.toolkit" value="sun.lwawt.macosx.LWCToolkit"/>
    <property name="file.encoding.pkg" value="sun.io"/>
    <property name="java.specification.version" value="1.8"/>
    <property name="sun.cpu.isalist" value=""/>
    <property name="sun.jnu.encoding" value="UTF-8"/>
    <property name="java.class.path" value="/Users/bishalgautam/Desktop/projects/hackathon/mediascore/target/test-classes:/Users/bishalgautam/Desktop/projects/hackathon/mediascore/target/classes:/Users/bishalgautam/.m2/repository/org/springframework/boot/spring-boot-starter-thymeleaf/2.1.5.RELEASE/spring-boot-starter-thymeleaf-2.1.5.RELEASE.jar:/Users/bishalgautam/.m2/repository/org/springframework/boot/spring-boot-starter/2.1.5.RELEASE/spring-boot-starter-2.1.5.RELEASE.jar:/Users/bishalgautam/.m2/repository/org/springframework/boot/spring-boot/2.1.5.RELEASE/spring-boot-2.1.5.RELEASE.jar:/Users/bishalgautam/.m2/repository/org/springframework/boot/spring-boot-autoconfigure/2.1.5.RELEASE/spring-boot-autoconfigure-2.1.5.RELEASE.jar:/Users/bishalgautam/.m2/repository/org/springframework/boot/spring-boot-starter-logging/2.1.5.RELEASE/spring-boot-starter-logging-2.1.5.RELEASE.jar:/Users/bishalgautam/.m2/repository/ch/qos/logback/logback-classic/1.2.3/logback-classic-1.2.3.jar:/Users/bishalgautam/.m2/repository/ch/qos/logback/logback-core/1.2.3/logback-core-1.2.3.jar:/Users/bishalgautam/.m2/repository/org/apache/logging/log4j/log4j-to-slf4j/2.11.2/log4j-to-slf4j-2.11.2.jar:/Users/bishalgautam/.m2/repository/org/apache/logging/log4j/log4j-api/2.11.2/log4j-api-2.11.2.jar:/Users/bishalgautam/.m2/repository/org/slf4j/jul-to-slf4j/1.7.26/jul-to-slf4j-1.7.26.jar:/Users/bishalgautam/.m2/repository/javax/annotation/javax.annotation-api/1.3.2/javax.annotation-api-1.3.2.jar:/Users/bishalgautam/.m2/repository/org/yaml/snakeyaml/1.23/snakeyaml-1.23.jar:/Users/bishalgautam/.m2/repository/org/thymeleaf/thymeleaf-spring5/3.0.11.RELEASE/thymeleaf-spring5-3.0.11.RELEASE.jar:/Users/bishalgautam/.m2/repository/org/thymeleaf/thymeleaf/3.0.11.RELEASE/thymeleaf-3.0.11.RELEASE.jar:/Users/bishalgautam/.m2/repository/org/attoparser/attoparser/2.0.5.RELEASE/attoparser-2.0.5.RELEASE.jar:/Users/bishalgautam/.m2/repository/org/unbescape/unbescape/1.1.6.RELEASE/unbescape-1.1.6.RELEASE.jar:/Users/bishalgautam/.m2/repository/org/slf4j/slf4j-api/1.7.26/slf4j-api-1.7.26.jar:/Users/bishalgautam/.m2/repository/org/thymeleaf/extras/thymeleaf-extras-java8time/3.0.4.RELEASE/thymeleaf-extras-java8time-3.0.4.RELEASE.jar:/Users/bishalgautam/.m2/repository/org/springframework/boot/spring-boot-starter-web/2.1.5.RELEASE/spring-boot-starter-web-2.1.5.RELEASE.jar:/Users/bishalgautam/.m2/repository/org/springframework/boot/spring-boot-starter-json/2.1.5.RELEASE/spring-boot-starter-json-2.1.5.RELEASE.jar:/Users/bishalgautam/.m2/repository/com/fasterxml/jackson/core/jackson-databind/2.9.8/jackson-databind-2.9.8.jar:/Users/bishalgautam/.m2/repository/com/fasterxml/jackson/core/jackson-annotations/2.9.0/jackson-annotations-2.9.0.jar:/Users/bishalgautam/.m2/repository/com/fasterxml/jackson/core/jackson-core/2.9.8/jackson-core-2.9.8.jar:/Users/bishalgautam/.m2/repository/com/fasterxml/jackson/datatype/jackson-datatype-jdk8/2.9.8/jackson-datatype-jdk8-2.9.8.jar:/Users/bishalgautam/.m2/repository/com/fasterxml/jackson/datatype/jackson-datatype-jsr310/2.9.8/jackson-datatype-jsr310-2.9.8.jar:/Users/bishalgautam/.m2/repository/com/fasterxml/jackson/module/jackson-module-parameter-names/2.9.8/jackson-module-parameter-names-2.9.8.jar:/Users/bishalgautam/.m2/repository/org/springframework/boot/spring-boot-starter-tomcat/2.1.5.RELEASE/spring-boot-starter-tomcat-2.1.5.RELEASE.jar:/Users/bishalgautam/.m2/repository/org/apache/tomcat/embed/tomcat-embed-core/9.0.19/tomcat-embed-core-9.0.19.jar:/Users/bishalgautam/.m2/repository/org/apache/tomcat/embed/tomcat-embed-el/9.0.19/tomcat-embed-el-9.0.19.jar:/Users/bishalgautam/.m2/repository/org/apache/tomcat/embed/tomcat-embed-websocket/9.0.19/tomcat-embed-websocket-9.0.19.jar:/Users/bishalgautam/.m2/repository/org/hibernate/validator/hibernate-validator/6.0.16.Final/hibernate-validator-6.0.16.Final.jar:/Users/bishalgautam/.m2/repository/javax/validation/validation-api/2.0.1.Final/validation-api-2.0.1.Final.jar:/Users/bishalgautam/.m2/repository/org/jboss/logging/jboss-logging/3.3.2.Final/jboss-logging-3.3.2.Final.jar:/Users/bishalgautam/.m2/repository/com/fasterxml/classmate/1.4.0/classmate-1.4.0.jar:/Users/bishalgautam/.m2/repository/org/springframework/spring-web/5.1.7.RELEASE/spring-web-5.1.7.RELEASE.jar:/Users/bishalgautam/.m2/repository/org/springframework/spring-beans/5.1.7.RELEASE/spring-beans-5.1.7.RELEASE.jar:/Users/bishalgautam/.m2/repository/org/springframework/spring-webmvc/5.1.7.RELEASE/spring-webmvc-5.1.7.RELEASE.jar:/Users/bishalgautam/.m2/repository/org/springframework/spring-aop/5.1.7.RELEASE/spring-aop-5.1.7.RELEASE.jar:/Users/bishalgautam/.m2/repository/org/springframework/spring-context/5.1.7.RELEASE/spring-context-5.1.7.RELEASE.jar:/Users/bishalgautam/.m2/repository/org/springframework/spring-expression/5.1.7.RELEASE/spring-expression-5.1.7.RELEASE.jar:/Users/bishalgautam/.m2/repository/org/springframework/boot/spring-boot-starter-test/2.1.5.RELEASE/spring-boot-starter-test-2.1.5.RELEASE.jar:/Users/bishalgautam/.m2/repository/org/springframework/boot/spring-boot-test/2.1.5.RELEASE/spring-boot-test-2.1.5.RELEASE.jar:/Users/bishalgautam/.m2/repository/org/springframework/boot/spring-boot-test-autoconfigure/2.1.5.RELEASE/spring-boot-test-autoconfigure-2.1.5.RELEASE.jar:/Users/bishalgautam/.m2/repository/com/jayway/jsonpath/json-path/2.4.0/json-path-2.4.0.jar:/Users/bishalgautam/.m2/repository/net/minidev/json-smart/2.3/json-smart-2.3.jar:/Users/bishalgautam/.m2/repository/net/minidev/accessors-smart/1.2/accessors-smart-1.2.jar:/Users/bishalgautam/.m2/repository/org/ow2/asm/asm/5.0.4/asm-5.0.4.jar:/Users/bishalgautam/.m2/repository/junit/junit/4.12/junit-4.12.jar:/Users/bishalgautam/.m2/repository/org/assertj/assertj-core/3.11.1/assertj-core-3.11.1.jar:/Users/bishalgautam/.m2/repository/org/mockito/mockito-core/2.23.4/mockito-core-2.23.4.jar:/Users/bishalgautam/.m2/repository/net/bytebuddy/byte-buddy/1.9.12/byte-buddy-1.9.12.jar:/Users/bishalgautam/.m2/repository/net/bytebuddy/byte-buddy-agent/1.9.12/byte-buddy-agent-1.9.12.jar:/Users/bishalgautam/.m2/repository/org/objenesis/objenesis/2.6/objenesis-2.6.jar:/Users/bishalgautam/.m2/repository/org/hamcrest/hamcrest-core/1.3/hamcrest-core-1.3.jar:/Users/bishalgautam/.m2/repository/org/hamcrest/hamcrest-library/1.3/hamcrest-library-1.3.jar:/Users/bishalgautam/.m2/repository/org/skyscreamer/jsonassert/1.5.0/jsonassert-1.5.0.jar:/Users/bishalgautam/.m2/repository/com/vaadin/external/google/android-json/0.0.20131108.vaadin1/android-json-0.0.20131108.vaadin1.jar:/Users/bishalgautam/.m2/repository/org/springframework/spring-core/5.1.7.RELEASE/spring-core-5.1.7.RELEASE.jar:/Users/bishalgautam/.m2/repository/org/springframework/spring-jcl/5.1.7.RELEASE/spring-jcl-5.1.7.RELEASE.jar:/Users/bishalgautam/.m2/repository/org/springframework/spring-test/5.1.7.RELEASE/spring-test-5.1.7.RELEASE.jar:/Users/bishalgautam/.m2/repository/org/xmlunit/xmlunit-core/2.6.2/xmlunit-core-2.6.2.jar:/Users/bishalgautam/.m2/repository/com/google/cloud/google-cloud-language/1.14.0/google-cloud-language-1.14.0.jar:/Users/bishalgautam/.m2/repository/io/netty/netty-tcnative-boringssl-static/2.0.25.Final/netty-tcnative-boringssl-static-2.0.25.Final.jar:/Users/bishalgautam/.m2/repository/com/google/cloud/google-cloud-core/1.14.0/google-cloud-core-1.14.0.jar:/Users/bishalgautam/.m2/repository/com/google/guava/guava/20.0/guava-20.0.jar:/Users/bishalgautam/.m2/repository/joda-time/joda-time/2.10.2/joda-time-2.10.2.jar:/Users/bishalgautam/.m2/repository/org/json/json/20160810/json-20160810.jar:/Users/bishalgautam/.m2/repository/com/google/http-client/google-http-client/1.23.0/google-http-client-1.23.0.jar:/Users/bishalgautam/.m2/repository/org/apache/httpcomponents/httpclient/4.5.8/httpclient-4.5.8.jar:/Users/bishalgautam/.m2/repository/org/apache/httpcomponents/httpcore/4.4.11/httpcore-4.4.11.jar:/Users/bishalgautam/.m2/repository/commons-codec/commons-codec/1.11/commons-codec-1.11.jar:/Users/bishalgautam/.m2/repository/com/google/code/findbugs/jsr305/3.0.0/jsr305-3.0.0.jar:/Users/bishalgautam/.m2/repository/com/google/api/api-common/1.2.0/api-common-1.2.0.jar:/Users/bishalgautam/.m2/repository/com/google/api/gax/1.15.0/gax-1.15.0.jar:/Users/bishalgautam/.m2/repository/com/google/auto/value/auto-value/1.2/auto-value-1.2.jar:/Users/bishalgautam/.m2/repository/org/threeten/threetenbp/1.3.3/threetenbp-1.3.3.jar:/Users/bishalgautam/.m2/repository/com/google/auth/google-auth-library-oauth2-http/0.9.0/google-auth-library-oauth2-http-0.9.0.jar:/Users/bishalgautam/.m2/repository/com/google/http-client/google-http-client-jackson2/1.19.0/google-http-client-jackson2-1.19.0.jar:/Users/bishalgautam/.m2/repository/com/google/protobuf/protobuf-java-util/3.4.0/protobuf-java-util-3.4.0.jar:/Users/bishalgautam/.m2/repository/com/google/code/gson/gson/2.8.5/gson-2.8.5.jar:/Users/bishalgautam/.m2/repository/com/google/api/grpc/proto-google-common-protos/1.0.2/proto-google-common-protos-1.0.2.jar:/Users/bishalgautam/.m2/repository/com/google/api/grpc/proto-google-iam-v1/0.1.26/proto-google-iam-v1-0.1.26.jar:/Users/bishalgautam/.m2/repository/com/google/cloud/google-cloud-core-grpc/1.14.0/google-cloud-core-grpc-1.14.0.jar:/Users/bishalgautam/.m2/repository/com/google/auth/google-auth-library-credentials/0.9.0/google-auth-library-credentials-0.9.0.jar:/Users/bishalgautam/.m2/repository/com/google/protobuf/protobuf-java/3.4.0/protobuf-java-3.4.0.jar:/Users/bishalgautam/.m2/repository/io/grpc/grpc-protobuf/1.7.0/grpc-protobuf-1.7.0.jar:/Users/bishalgautam/.m2/repository/io/grpc/grpc-protobuf-lite/1.7.0/grpc-protobuf-lite-1.7.0.jar:/Users/bishalgautam/.m2/repository/io/grpc/grpc-context/1.7.0/grpc-context-1.7.0.jar:/Users/bishalgautam/.m2/repository/com/google/api/gax-grpc/1.15.0/gax-grpc-1.15.0.jar:/Users/bishalgautam/.m2/repository/com/google/api/grpc/proto-google-cloud-language-v1/1.0.2/proto-google-cloud-language-v1-1.0.2.jar:/Users/bishalgautam/.m2/repository/com/google/api/grpc/proto-google-cloud-language-v1beta2/0.1.26/proto-google-cloud-language-v1beta2-0.1.26.jar:/Users/bishalgautam/.m2/repository/io/grpc/grpc-netty/1.7.0/grpc-netty-1.7.0.jar:/Users/bishalgautam/.m2/repository/io/grpc/grpc-core/1.7.0/grpc-core-1.7.0.jar:/Users/bishalgautam/.m2/repository/com/google/errorprone/error_prone_annotations/2.0.19/error_prone_annotations-2.0.19.jar:/Users/bishalgautam/.m2/repository/com/google/instrumentation/instrumentation-api/0.4.3/instrumentation-api-0.4.3.jar:/Users/bishalgautam/.m2/repository/io/opencensus/opencensus-api/0.6.0/opencensus-api-0.6.0.jar:/Users/bishalgautam/.m2/repository/io/netty/netty-codec-http2/4.1.36.Final/netty-codec-http2-4.1.36.Final.jar:/Users/bishalgautam/.m2/repository/io/netty/netty-common/4.1.36.Final/netty-common-4.1.36.Final.jar:/Users/bishalgautam/.m2/repository/io/netty/netty-buffer/4.1.36.Final/netty-buffer-4.1.36.Final.jar:/Users/bishalgautam/.m2/repository/io/netty/netty-transport/4.1.36.Final/netty-transport-4.1.36.Final.jar:/Users/bishalgautam/.m2/repository/io/netty/netty-resolver/4.1.36.Final/netty-resolver-4.1.36.Final.jar:/Users/bishalgautam/.m2/repository/io/netty/netty-codec/4.1.36.Final/netty-codec-4.1.36.Final.jar:/Users/bishalgautam/.m2/repository/io/netty/netty-handler/4.1.36.Final/netty-handler-4.1.36.Final.jar:/Users/bishalgautam/.m2/repository/io/netty/netty-codec-http/4.1.36.Final/netty-codec-http-4.1.36.Final.jar:/Users/bishalgautam/.m2/repository/io/netty/netty-handler-proxy/4.1.36.Final/netty-handler-proxy-4.1.36.Final.jar:/Users/bishalgautam/.m2/repository/io/netty/netty-codec-socks/4.1.36.Final/netty-codec-socks-4.1.36.Final.jar:/Users/bishalgautam/.m2/repository/io/grpc/grpc-stub/1.7.0/grpc-stub-1.7.0.jar:/Users/bishalgautam/.m2/repository/io/grpc/grpc-auth/1.7.0/grpc-auth-1.7.0.jar:"/>
    <property name="java.vm.vendor" value="Oracle Corporation"/>
    <property name="sun.arch.data.model" value="64"/>
    <property name="java.vendor.url" value="http://java.oracle.com/"/>
    <property name="user.timezone" value=""/>
    <property name="java.vm.specification.version" value="1.8"/>
    <property name="os.name" value="Mac OS X"/>
    <property name="user.country" value="AE"/>
    <property name="sun.java.launcher" value="SUN_STANDARD"/>
    <property name="sun.boot.library.path" value="/Library/Java/JavaVirtualMachines/jdk1.8.0_201.jdk/Contents/Home/jre/lib"/>
    <property name="sun.java.command" value="/Users/bishalgautam/Desktop/projects/hackathon/mediascore/target/surefire/surefirebooter5309777775661419491.jar /Users/bishalgautam/Desktop/projects/hackathon/mediascore/target/surefire 2019-06-15T16-08-40_414-jvmRun1 surefire7530092362474563913tmp surefire_08812749816732383434tmp"/>
    <property name="http.nonProxyHosts" value="local|*.local|169.254/16|*.169.254/16"/>
    <property name="surefire.test.class.path" value="/Users/bishalgautam/Desktop/projects/hackathon/mediascore/target/test-classes:/Users/bishalgautam/Desktop/projects/hackathon/mediascore/target/classes:/Users/bishalgautam/.m2/repository/org/springframework/boot/spring-boot-starter-thymeleaf/2.1.5.RELEASE/spring-boot-starter-thymeleaf-2.1.5.RELEASE.jar:/Users/bishalgautam/.m2/repository/org/springframework/boot/spring-boot-starter/2.1.5.RELEASE/spring-boot-starter-2.1.5.RELEASE.jar:/Users/bishalgautam/.m2/repository/org/springframework/boot/spring-boot/2.1.5.RELEASE/spring-boot-2.1.5.RELEASE.jar:/Users/bishalgautam/.m2/repository/org/springframework/boot/spring-boot-autoconfigure/2.1.5.RELEASE/spring-boot-autoconfigure-2.1.5.RELEASE.jar:/Users/bishalgautam/.m2/repository/org/springframework/boot/spring-boot-starter-logging/2.1.5.RELEASE/spring-boot-starter-logging-2.1.5.RELEASE.jar:/Users/bishalgautam/.m2/repository/ch/qos/logback/logback-classic/1.2.3/logback-classic-1.2.3.jar:/Users/bishalgautam/.m2/repository/ch/qos/logback/logback-core/1.2.3/logback-core-1.2.3.jar:/Users/bishalgautam/.m2/repository/org/apache/logging/log4j/log4j-to-slf4j/2.11.2/log4j-to-slf4j-2.11.2.jar:/Users/bishalgautam/.m2/repository/org/apache/logging/log4j/log4j-api/2.11.2/log4j-api-2.11.2.jar:/Users/bishalgautam/.m2/repository/org/slf4j/jul-to-slf4j/1.7.26/jul-to-slf4j-1.7.26.jar:/Users/bishalgautam/.m2/repository/javax/annotation/javax.annotation-api/1.3.2/javax.annotation-api-1.3.2.jar:/Users/bishalgautam/.m2/repository/org/yaml/snakeyaml/1.23/snakeyaml-1.23.jar:/Users/bishalgautam/.m2/repository/org/thymeleaf/thymeleaf-spring5/3.0.11.RELEASE/thymeleaf-spring5-3.0.11.RELEASE.jar:/Users/bishalgautam/.m2/repository/org/thymeleaf/thymeleaf/3.0.11.RELEASE/thymeleaf-3.0.11.RELEASE.jar:/Users/bishalgautam/.m2/repository/org/attoparser/attoparser/2.0.5.RELEASE/attoparser-2.0.5.RELEASE.jar:/Users/bishalgautam/.m2/repository/org/unbescape/unbescape/1.1.6.RELEASE/unbescape-1.1.6.RELEASE.jar:/Users/bishalgautam/.m2/repository/org/slf4j/slf4j-api/1.7.26/slf4j-api-1.7.26.jar:/Users/bishalgautam/.m2/repository/org/thymeleaf/extras/thymeleaf-extras-java8time/3.0.4.RELEASE/thymeleaf-extras-java8time-3.0.4.RELEASE.jar:/Users/bishalgautam/.m2/repository/org/springframework/boot/spring-boot-starter-web/2.1.5.RELEASE/spring-boot-starter-web-2.1.5.RELEASE.jar:/Users/bishalgautam/.m2/repository/org/springframework/boot/spring-boot-starter-json/2.1.5.RELEASE/spring-boot-starter-json-2.1.5.RELEASE.jar:/Users/bishalgautam/.m2/repository/com/fasterxml/jackson/core/jackson-databind/2.9.8/jackson-databind-2.9.8.jar:/Users/bishalgautam/.m2/repository/com/fasterxml/jackson/core/jackson-annotations/2.9.0/jackson-annotations-2.9.0.jar:/Users/bishalgautam/.m2/repository/com/fasterxml/jackson/core/jackson-core/2.9.8/jackson-core-2.9.8.jar:/Users/bishalgautam/.m2/repository/com/fasterxml/jackson/datatype/jackson-datatype-jdk8/2.9.8/jackson-datatype-jdk8-2.9.8.jar:/Users/bishalgautam/.m2/repository/com/fasterxml/jackson/datatype/jackson-datatype-jsr310/2.9.8/jackson-datatype-jsr310-2.9.8.jar:/Users/bishalgautam/.m2/repository/com/fasterxml/jackson/module/jackson-module-parameter-names/2.9.8/jackson-module-parameter-names-2.9.8.jar:/Users/bishalgautam/.m2/repository/org/springframework/boot/spring-boot-starter-tomcat/2.1.5.RELEASE/spring-boot-starter-tomcat-2.1.5.RELEASE.jar:/Users/bishalgautam/.m2/repository/org/apache/tomcat/embed/tomcat-embed-core/9.0.19/tomcat-embed-core-9.0.19.jar:/Users/bishalgautam/.m2/repository/org/apache/tomcat/embed/tomcat-embed-el/9.0.19/tomcat-embed-el-9.0.19.jar:/Users/bishalgautam/.m2/repository/org/apache/tomcat/embed/tomcat-embed-websocket/9.0.19/tomcat-embed-websocket-9.0.19.jar:/Users/bishalgautam/.m2/repository/org/hibernate/validator/hibernate-validator/6.0.16.Final/hibernate-validator-6.0.16.Final.jar:/Users/bishalgautam/.m2/repository/javax/validation/validation-api/2.0.1.Final/validation-api-2.0.1.Final.jar:/Users/bishalgautam/.m2/repository/org/jboss/logging/jboss-logging/3.3.2.Final/jboss-logging-3.3.2.Final.jar:/Users/bishalgautam/.m2/repository/com/fasterxml/classmate/1.4.0/classmate-1.4.0.jar:/Users/bishalgautam/.m2/repository/org/springframework/spring-web/5.1.7.RELEASE/spring-web-5.1.7.RELEASE.jar:/Users/bishalgautam/.m2/repository/org/springframework/spring-beans/5.1.7.RELEASE/spring-beans-5.1.7.RELEASE.jar:/Users/bishalgautam/.m2/repository/org/springframework/spring-webmvc/5.1.7.RELEASE/spring-webmvc-5.1.7.RELEASE.jar:/Users/bishalgautam/.m2/repository/org/springframework/spring-aop/5.1.7.RELEASE/spring-aop-5.1.7.RELEASE.jar:/Users/bishalgautam/.m2/repository/org/springframework/spring-context/5.1.7.RELEASE/spring-context-5.1.7.RELEASE.jar:/Users/bishalgautam/.m2/repository/org/springframework/spring-expression/5.1.7.RELEASE/spring-expression-5.1.7.RELEASE.jar:/Users/bishalgautam/.m2/repository/org/springframework/boot/spring-boot-starter-test/2.1.5.RELEASE/spring-boot-starter-test-2.1.5.RELEASE.jar:/Users/bishalgautam/.m2/repository/org/springframework/boot/spring-boot-test/2.1.5.RELEASE/spring-boot-test-2.1.5.RELEASE.jar:/Users/bishalgautam/.m2/repository/org/springframework/boot/spring-boot-test-autoconfigure/2.1.5.RELEASE/spring-boot-test-autoconfigure-2.1.5.RELEASE.jar:/Users/bishalgautam/.m2/repository/com/jayway/jsonpath/json-path/2.4.0/json-path-2.4.0.jar:/Users/bishalgautam/.m2/repository/net/minidev/json-smart/2.3/json-smart-2.3.jar:/Users/bishalgautam/.m2/repository/net/minidev/accessors-smart/1.2/accessors-smart-1.2.jar:/Users/bishalgautam/.m2/repository/org/ow2/asm/asm/5.0.4/asm-5.0.4.jar:/Users/bishalgautam/.m2/repository/junit/junit/4.12/junit-4.12.jar:/Users/bishalgautam/.m2/repository/org/assertj/assertj-core/3.11.1/assertj-core-3.11.1.jar:/Users/bishalgautam/.m2/repository/org/mockito/mockito-core/2.23.4/mockito-core-2.23.4.jar:/Users/bishalgautam/.m2/repository/net/bytebuddy/byte-buddy/1.9.12/byte-buddy-1.9.12.jar:/Users/bishalgautam/.m2/repository/net/bytebuddy/byte-buddy-agent/1.9.12/byte-buddy-agent-1.9.12.jar:/Users/bishalgautam/.m2/repository/org/objenesis/objenesis/2.6/objenesis-2.6.jar:/Users/bishalgautam/.m2/repository/org/hamcrest/hamcrest-core/1.3/hamcrest-core-1.3.jar:/Users/bishalgautam/.m2/repository/org/hamcrest/hamcrest-library/1.3/hamcrest-library-1.3.jar:/Users/bishalgautam/.m2/repository/org/skyscreamer/jsonassert/1.5.0/jsonassert-1.5.0.jar:/Users/bishalgautam/.m2/repository/com/vaadin/external/google/android-json/0.0.20131108.vaadin1/android-json-0.0.20131108.vaadin1.jar:/Users/bishalgautam/.m2/repository/org/springframework/spring-core/5.1.7.RELEASE/spring-core-5.1.7.RELEASE.jar:/Users/bishalgautam/.m2/repository/org/springframework/spring-jcl/5.1.7.RELEASE/spring-jcl-5.1.7.RELEASE.jar:/Users/bishalgautam/.m2/repository/org/springframework/spring-test/5.1.7.RELEASE/spring-test-5.1.7.RELEASE.jar:/Users/bishalgautam/.m2/repository/org/xmlunit/xmlunit-core/2.6.2/xmlunit-core-2.6.2.jar:/Users/bishalgautam/.m2/repository/com/google/cloud/google-cloud-language/1.14.0/google-cloud-language-1.14.0.jar:/Users/bishalgautam/.m2/repository/io/netty/netty-tcnative-boringssl-static/2.0.25.Final/netty-tcnative-boringssl-static-2.0.25.Final.jar:/Users/bishalgautam/.m2/repository/com/google/cloud/google-cloud-core/1.14.0/google-cloud-core-1.14.0.jar:/Users/bishalgautam/.m2/repository/com/google/guava/guava/20.0/guava-20.0.jar:/Users/bishalgautam/.m2/repository/joda-time/joda-time/2.10.2/joda-time-2.10.2.jar:/Users/bishalgautam/.m2/repository/org/json/json/20160810/json-20160810.jar:/Users/bishalgautam/.m2/repository/com/google/http-client/google-http-client/1.23.0/google-http-client-1.23.0.jar:/Users/bishalgautam/.m2/repository/org/apache/httpcomponents/httpclient/4.5.8/httpclient-4.5.8.jar:/Users/bishalgautam/.m2/repository/org/apache/httpcomponents/httpcore/4.4.11/httpcore-4.4.11.jar:/Users/bishalgautam/.m2/repository/commons-codec/commons-codec/1.11/commons-codec-1.11.jar:/Users/bishalgautam/.m2/repository/com/google/code/findbugs/jsr305/3.0.0/jsr305-3.0.0.jar:/Users/bishalgautam/.m2/repository/com/google/api/api-common/1.2.0/api-common-1.2.0.jar:/Users/bishalgautam/.m2/repository/com/google/api/gax/1.15.0/gax-1.15.0.jar:/Users/bishalgautam/.m2/repository/com/google/auto/value/auto-value/1.2/auto-value-1.2.jar:/Users/bishalgautam/.m2/repository/org/threeten/threetenbp/1.3.3/threetenbp-1.3.3.jar:/Users/bishalgautam/.m2/repository/com/google/auth/google-auth-library-oauth2-http/0.9.0/google-auth-library-oauth2-http-0.9.0.jar:/Users/bishalgautam/.m2/repository/com/google/http-client/google-http-client-jackson2/1.19.0/google-http-client-jackson2-1.19.0.jar:/Users/bishalgautam/.m2/repository/com/google/protobuf/protobuf-java-util/3.4.0/protobuf-java-util-3.4.0.jar:/Users/bishalgautam/.m2/repository/com/google/code/gson/gson/2.8.5/gson-2.8.5.jar:/Users/bishalgautam/.m2/repository/com/google/api/grpc/proto-google-common-protos/1.0.2/proto-google-common-protos-1.0.2.jar:/Users/bishalgautam/.m2/repository/com/google/api/grpc/proto-google-iam-v1/0.1.26/proto-google-iam-v1-0.1.26.jar:/Users/bishalgautam/.m2/repository/com/google/cloud/google-cloud-core-grpc/1.14.0/google-cloud-core-grpc-1.14.0.jar:/Users/bishalgautam/.m2/repository/com/google/auth/google-auth-library-credentials/0.9.0/google-auth-library-credentials-0.9.0.jar:/Users/bishalgautam/.m2/repository/com/google/protobuf/protobuf-java/3.4.0/protobuf-java-3.4.0.jar:/Users/bishalgautam/.m2/repository/io/grpc/grpc-protobuf/1.7.0/grpc-protobuf-1.7.0.jar:/Users/bishalgautam/.m2/repository/io/grpc/grpc-protobuf-lite/1.7.0/grpc-protobuf-lite-1.7.0.jar:/Users/bishalgautam/.m2/repository/io/grpc/grpc-context/1.7.0/grpc-context-1.7.0.jar:/Users/bishalgautam/.m2/repository/com/google/api/gax-grpc/1.15.0/gax-grpc-1.15.0.jar:/Users/bishalgautam/.m2/repository/com/google/api/grpc/proto-google-cloud-language-v1/1.0.2/proto-google-cloud-language-v1-1.0.2.jar:/Users/bishalgautam/.m2/repository/com/google/api/grpc/proto-google-cloud-language-v1beta2/0.1.26/proto-google-cloud-language-v1beta2-0.1.26.jar:/Users/bishalgautam/.m2/repository/io/grpc/grpc-netty/1.7.0/grpc-netty-1.7.0.jar:/Users/bishalgautam/.m2/repository/io/grpc/grpc-core/1.7.0/grpc-core-1.7.0.jar:/Users/bishalgautam/.m2/repository/com/google/errorprone/error_prone_annotations/2.0.19/error_prone_annotations-2.0.19.jar:/Users/bishalgautam/.m2/repository/com/google/instrumentation/instrumentation-api/0.4.3/instrumentation-api-0.4.3.jar:/Users/bishalgautam/.m2/repository/io/opencensus/opencensus-api/0.6.0/opencensus-api-0.6.0.jar:/Users/bishalgautam/.m2/repository/io/netty/netty-codec-http2/4.1.36.Final/netty-codec-http2-4.1.36.Final.jar:/Users/bishalgautam/.m2/repository/io/netty/netty-common/4.1.36.Final/netty-common-4.1.36.Final.jar:/Users/bishalgautam/.m2/repository/io/netty/netty-buffer/4.1.36.Final/netty-buffer-4.1.36.Final.jar:/Users/bishalgautam/.m2/repository/io/netty/netty-transport/4.1.36.Final/netty-transport-4.1.36.Final.jar:/Users/bishalgautam/.m2/repository/io/netty/netty-resolver/4.1.36.Final/netty-resolver-4.1.36.Final.jar:/Users/bishalgautam/.m2/repository/io/netty/netty-codec/4.1.36.Final/netty-codec-4.1.36.Final.jar:/Users/bishalgautam/.m2/repository/io/netty/netty-handler/4.1.36.Final/netty-handler-4.1.36.Final.jar:/Users/bishalgautam/.m2/repository/io/netty/netty-codec-http/4.1.36.Final/netty-codec-http-4.1.36.Final.jar:/Users/bishalgautam/.m2/repository/io/netty/netty-handler-proxy/4.1.36.Final/netty-handler-proxy-4.1.36.Final.jar:/Users/bishalgautam/.m2/repository/io/netty/netty-codec-socks/4.1.36.Final/netty-codec-socks-4.1.36.Final.jar:/Users/bishalgautam/.m2/repository/io/grpc/grpc-stub/1.7.0/grpc-stub-1.7.0.jar:/Users/bishalgautam/.m2/repository/io/grpc/grpc-auth/1.7.0/grpc-auth-1.7.0.jar:"/>
    <property name="sun.cpu.endian" value="little"/>
    <property name="user.home" value="/Users/bishalgautam"/>
    <property name="user.language" value="en"/>
    <property name="java.specification.vendor" value="Oracle Corporation"/>
    <property name="java.home" value="/Library/Java/JavaVirtualMachines/jdk1.8.0_201.jdk/Contents/Home/jre"/>
    <property name="basedir" value="/Users/bishalgautam/Desktop/projects/hackathon/mediascore"/>
    <property name="file.separator" value="/"/>
    <property name="line.separator" value="&#10;"/>
    <property name="java.vm.specification.vendor" value="Oracle Corporation"/>
    <property name="java.specification.name" value="Java Platform API Specification"/>
    <property name="java.awt.graphicsenv" value="sun.awt.CGraphicsEnvironment"/>
    <property name="surefire.real.class.path" value="/Users/bishalgautam/Desktop/projects/hackathon/mediascore/target/surefire/surefirebooter5309777775661419491.jar"/>
    <property name="sun.boot.class.path" value="/Library/Java/JavaVirtualMachines/jdk1.8.0_201.jdk/Contents/Home/jre/lib/resources.jar:/Library/Java/JavaVirtualMachines/jdk1.8.0_201.jdk/Contents/Home/jre/lib/rt.jar:/Library/Java/JavaVirtualMachines/jdk1.8.0_201.jdk/Contents/Home/jre/lib/sunrsasign.jar:/Library/Java/JavaVirtualMachines/jdk1.8.0_201.jdk/Contents/Home/jre/lib/jsse.jar:/Library/Java/JavaVirtualMachines/jdk1.8.0_201.jdk/Contents/Home/jre/lib/jce.jar:/Library/Java/JavaVirtualMachines/jdk1.8.0_201.jdk/Contents/Home/jre/lib/charsets.jar:/Library/Java/JavaVirtualMachines/jdk1.8.0_201.jdk/Contents/Home/jre/lib/jfr.jar:/Library/Java/JavaVirtualMachines/jdk1.8.0_201.jdk/Contents/Home/jre/classes"/>
    <property name="sun.management.compiler" value="HotSpot 64-Bit Tiered Compilers"/>
    <property name="ftp.nonProxyHosts" value="local|*.local|169.254/16|*.169.254/16"/>
    <property name="java.runtime.version" value="1.8.0_201-b09"/>
    <property name="user.name" value="bishalgautam"/>
    <property name="path.separator" value=":"/>
    <property name="os.version" value="10.14.3"/>
    <property name="java.endorsed.dirs" value="/Library/Java/JavaVirtualMachines/jdk1.8.0_201.jdk/Contents/Home/jre/lib/endorsed"/>
    <property name="java.runtime.name" value="Java(TM) SE Runtime Environment"/>
    <property name="file.encoding" value="UTF-8"/>
    <property name="java.vm.name" value="Java HotSpot(TM) 64-Bit Server VM"/>
    <property name="localRepository" value="/Users/bishalgautam/.m2/repository"/>
    <property name="java.vendor.url.bug" value="http://bugreport.sun.com/bugreport/"/>
    <property name="java.io.tmpdir" value="/var/folders/2m/rjbnyxj95fd18sfb7hcd0fym0000gq/T/"/>
    <property name="java.version" value="1.8.0_201"/>
    <property name="user.dir" value="/Users/bishalgautam/Desktop/projects/hackathon/mediascore"/>
    <property name="os.arch" value="x86_64"/>
    <property name="java.vm.specification.name" value="Java Virtual Machine Specification"/>
    <property name="java.awt.printerjob" value="sun.lwawt.macosx.CPrinterJob"/>
    <property name="sun.os.patch.level" value="unknown"/>
    <property name="java.library.path" value="/Users/bishalgautam/Library/Java/Extensions:/Library/Java/Extensions:/Network/Library/Java/Extensions:/System/Library/Java/Extensions:/usr/lib/java:."/>
    <property name="java.vm.info" value="mixed mode"/>
    <property name="java.vendor" value="Oracle Corporation"/>
    <property name="java.vm.version" value="25.201-b09"/>
    <property name="java.ext.dirs" value="/Users/bishalgautam/Library/Java/Extensions:/Library/Java/JavaVirtualMachines/jdk1.8.0_201.jdk/Contents/Home/jre/lib/ext:/Library/Java/Extensions:/Network/Library/Java/Extensions:/System/Library/Java/Extensions:/usr/lib/java"/>
    <property name="sun.io.unicode.encoding" value="UnicodeBig"/>
    <property name="java.class.version" value="52.0"/>
    <property name="socksNonProxyHosts" value="local|*.local|169.254/16|*.169.254/16"/>
  </properties>
  <testcase name="contextLoads" classname="com.sakura.mediascore.MediascoreApplicationTests" time="0.265"/>
</testsuite>